# JRE version: Java(TM) SE Runtime Environment (7.0_60-b19) (build 1.7.0_60-b19)
# Java VM: Java HotSpot(TM) 64-Bit Server VM (24.60-b09 mixed mode bsd-amd64 compressed oops)
Heap
 PSYoungGen      total 72704K, used 33584K [0x0000000161c80000, 0x000000016c680000, 0x000000018c780000)
  eden space 67584K, 45% used [0x0000000161c80000,0x0000000163a9a378,0x0000000165e80000)
  from space 5120K, 53% used [0x0000000165e80000,0x0000000166131e98,0x0000000166380000)
  to   space 19456K, 0% used [0x000000016b380000,0x000000016b380000,0x000000016c680000)
 ParOldGen       total 87040K, used 38669K [0x000000010c780000, 0x0000000111c80000, 0x0000000161c80000)
  object space 87040K, 44% used [0x000000010c780000,0x000000010ed43708,0x0000000111c80000)
 PSPermGen       total 21504K, used 10529K [0x0000000107580000, 0x0000000108a80000, 0x000000010c780000)
  object space 21504K, 48% used [0x0000000107580000,0x0000000107fc8648,0x0000000108a80000)
GC Heap History (10 events):
Event: 7.212 GC heap before
{Heap before GC invocations=1 (full 0):
 PSYoungGen      total 38912K, used 32855K [0x0000000161c80000, 0x0000000164780000, 0x000000018c780000)
  eden space 33792K, 97% used [0x0000000161c80000,0x0000000163c95f48,0x0000000163d80000)
  from space 5120K, 0% used [0x0000000164280000,0x0000000164280000,0x0000000164780000)
  to   space 5120K, 0% used [0x0000000163d80000,0x0000000163d80000,0x0000000164280000)
 ParOldGen       total 87040K, used 0K [0x000000010c780000, 0x0000000111c80000, 0x0000000161c80000)
  object space 87040K, 0% used [0x000000010c780000,0x000000010c780000,0x0000000111c80000)
 PSPermGen       total 21504K, used 9050K [0x0000000107580000, 0x0000000108a80000, 0x000000010c780000)
  object space 21504K, 42% used [0x0000000107580000,0x0000000107e56878,0x0000000108a80000)
Event: 7.219 GC heap after
Heap after GC invocations=1 (full 0):
 PSYoungGen      total 38912K, used 5106K [0x0000000161c80000, 0x0000000164780000, 0x000000018c780000)
  eden space 33792K, 0% used [0x0000000161c80000,0x0000000161c80000,0x0000000163d80000)
  from space 5120K, 99% used [0x0000000163d80000,0x000000016427c888,0x0000000164280000)
  to   space 5120K, 0% used [0x0000000164280000,0x0000000164280000,0x0000000164780000)
 ParOldGen       total 87040K, used 9963K [0x000000010c780000, 0x0000000111c80000, 0x0000000161c80000)
  object space 87040K, 11% used [0x000000010c780000,0x000000010d13aef0,0x0000000111c80000)
 PSPermGen       total 21504K, used 9050K [0x0000000107580000, 0x0000000108a80000, 0x000000010c780000)
  object space 21504K, 42% used [0x0000000107580000,0x0000000107e56878,0x0000000108a80000)
}
Event: 7.549 GC heap before
{Heap before GC invocations=2 (full 0):
 PSYoungGen      total 38912K, used 38495K [0x0000000161c80000, 0x0000000164780000, 0x000000018c780000)
  eden space 33792K, 98% used [0x0000000161c80000,0x0000000163d1b5c8,0x0000000163d80000)
  from space 5120K, 99% used [0x0000000163d80000,0x000000016427c888,0x0000000164280000)
  to   space 5120K, 0% used [0x0000000164280000,0x0000000164280000,0x0000000164780000)
 ParOldGen       total 87040K, used 9963K [0x000000010c780000, 0x0000000111c80000, 0x0000000161c80000)
  object space 87040K, 11% used [0x000000010c780000,0x000000010d13aef0,0x0000000111c80000)
 PSPermGen       total 21504K, used 10370K [0x0000000107580000, 0x0000000108a80000, 0x000000010c780000)
  object space 21504K, 48% used [0x0000000107580000,0x0000000107fa0850,0x0000000108a80000)
Event: 7.558 GC heap after
Heap after GC invocations=2 (full 0):
 PSYoungGen      total 38912K, used 5108K [0x0000000161c80000, 0x0000000166880000, 0x000000018c780000)
  eden space 33792K, 0% used [0x0000000161c80000,0x0000000161c80000,0x0000000163d80000)
  from space 5120K, 99% used [0x0000000164280000,0x000000016477d328,0x0000000164780000)
  to   space 5120K, 0% used [0x0000000163d80000,0x0000000163d80000,0x0000000164280000)
 ParOldGen       total 87040K, used 19664K [0x000000010c780000, 0x0000000111c80000, 0x0000000161c80000)
  object space 87040K, 22% used [0x000000010c780000,0x000000010dab4318,0x0000000111c80000)
 PSPermGen       total 21504K, used 10370K [0x0000000107580000, 0x0000000108a80000, 0x000000010c780000)
  object space 21504K, 48% used [0x0000000107580000,0x0000000107fa0850,0x0000000108a80000)
}
Event: 7.592 GC heap before
{Heap before GC invocations=3 (full 0):
 PSYoungGen      total 38912K, used 36909K [0x0000000161c80000, 0x0000000166880000, 0x000000018c780000)
  eden space 33792K, 94% used [0x0000000161c80000,0x0000000163b8e318,0x0000000163d80000)
  from space 5120K, 99% used [0x0000000164280000,0x000000016477d328,0x0000000164780000)
  to   space 5120K, 0% used [0x0000000163d80000,0x0000000163d80000,0x0000000164280000)
 ParOldGen       total 87040K, used 19664K [0x000000010c780000, 0x0000000111c80000, 0x0000000161c80000)
  object space 87040K, 22% used [0x000000010c780000,0x000000010dab4318,0x0000000111c80000)
 PSPermGen       total 21504K, used 10370K [0x0000000107580000, 0x0000000108a80000, 0x000000010c780000)
  object space 21504K, 48% used [0x0000000107580000,0x0000000107fa09e8,0x0000000108a80000)
Event: 7.599 GC heap after
Heap after GC invocations=3 (full 0):
 PSYoungGen      total 38912K, used 4776K [0x0000000161c80000, 0x0000000166880000, 0x000000018c780000)
  eden space 33792K, 0% used [0x0000000161c80000,0x0000000161c80000,0x0000000163d80000)
  from space 5120K, 93% used [0x0000000163d80000,0x000000016422a2f8,0x0000000164280000)
  to   space 5120K, 0% used [0x0000000166380000,0x0000000166380000,0x0000000166880000)
 ParOldGen       total 87040K, used 35060K [0x000000010c780000, 0x0000000111c80000, 0x0000000161c80000)
  object space 87040K, 40% used [0x000000010c780000,0x000000010e9bd208,0x0000000111c80000)
 PSPermGen       total 21504K, used 10370K [0x0000000107580000, 0x0000000108a80000, 0x000000010c780000)
  object space 21504K, 48% used [0x0000000107580000,0x0000000107fa09e8,0x0000000108a80000)
}
Event: 70.742 GC heap before
{Heap before GC invocations=4 (full 0):
 PSYoungGen      total 38912K, used 38568K [0x0000000161c80000, 0x0000000166880000, 0x000000018c780000)
  eden space 33792K, 100% used [0x0000000161c80000,0x0000000163d80000,0x0000000163d80000)
  from space 5120K, 93% used [0x0000000163d80000,0x000000016422a2f8,0x0000000164280000)
  to   space 5120K, 0% used [0x0000000166380000,0x0000000166380000,0x0000000166880000)
 ParOldGen       total 87040K, used 35060K [0x000000010c780000, 0x0000000111c80000, 0x0000000161c80000)
  object space 87040K, 40% used [0x000000010c780000,0x000000010e9bd208,0x0000000111c80000)
 PSPermGen       total 21504K, used 10511K [0x0000000107580000, 0x0000000108a80000, 0x000000010c780000)
  object space 21504K, 48% used [0x0000000107580000,0x0000000107fc3f38,0x0000000108a80000)
Event: 70.746 GC heap after
Heap after GC invocations=4 (full 0):
 PSYoungGen      total 72704K, used 4839K [0x0000000161c80000, 0x0000000166880000, 0x000000018c780000)
  eden space 67584K, 0% used [0x0000000161c80000,0x0000000161c80000,0x0000000165e80000)
  from space 5120K, 94% used [0x0000000166380000,0x0000000166839df8,0x0000000166880000)
  to   space 5120K, 0% used [0x0000000165e80000,0x0000000165e80000,0x0000000166380000)
 ParOldGen       total 87040K, used 38661K [0x000000010c780000, 0x0000000111c80000, 0x0000000161c80000)
  object space 87040K, 44% used [0x000000010c780000,0x000000010ed41708,0x0000000111c80000)
 PSPermGen       total 21504K, used 10511K [0x0000000107580000, 0x0000000108a80000, 0x000000010c780000)
  object space 21504K, 48% used [0x0000000107580000,0x0000000107fc3f38,0x0000000108a80000)
}
Event: 245.603 GC heap before
{Heap before GC invocations=5 (full 0):
 PSYoungGen      total 72704K, used 72423K [0x0000000161c80000, 0x0000000166880000, 0x000000018c780000)
  eden space 67584K, 100% used [0x0000000161c80000,0x0000000165e80000,0x0000000165e80000)
  from space 5120K, 94% used [0x0000000166380000,0x0000000166839df8,0x0000000166880000)
  to   space 5120K, 0% used [0x0000000165e80000,0x0000000165e80000,0x0000000166380000)
 ParOldGen       total 87040K, used 38661K [0x000000010c780000, 0x0000000111c80000, 0x0000000161c80000)
  object space 87040K, 44% used [0x000000010c780000,0x000000010ed41708,0x0000000111c80000)
 PSPermGen       total 21504K, used 10526K [0x0000000107580000, 0x0000000108a80000, 0x000000010c780000)
  object space 21504K, 48% used [0x0000000107580000,0x0000000107fc7b28,0x0000000108a80000)
Event: 245.606 GC heap after
Heap after GC invocations=5 (full 0):
 PSYoungGen      total 72704K, used 2759K [0x0000000161c80000, 0x000000016c680000, 0x000000018c780000)
  eden space 67584K, 0% used [0x0000000161c80000,0x0000000161c80000,0x0000000165e80000)
  from space 5120K, 53% used [0x0000000165e80000,0x0000000166131e98,0x0000000166380000)
  to   space 19456K, 0% used [0x000000016b380000,0x000000016b380000,0x000000016c680000)
 ParOldGen       total 87040K, used 38669K [0x000000010c780000, 0x0000000111c80000, 0x0000000161c80000)
  object space 87040K, 44% used [0x000000010c780000,0x000000010ed43708,0x0000000111c80000)
 PSPermGen       total 21504K, used 10526K [0x0000000107580000, 0x0000000108a80000, 0x000000010c780000)
  object space 21504K, 48% used [0x0000000107580000,0x0000000107fc7b28,0x0000000108a80000)
}

