# JRE version: Java(TM) SE Runtime Environment (7.0_60-b19) (build 1.7.0_60-b19)
# Java VM: Java HotSpot(TM) 64-Bit Server VM (24.60-b09 mixed mode bsd-amd64 compressed oops)
Heap
 PSYoungGen      total 53248K, used 30618K [0x000000016a800000, 0x000000016f100000, 0x0000000195300000)
  eden space 32768K, 85% used [0x000000016a800000,0x000000016c339f38,0x000000016c800000)
  from space 20480K, 13% used [0x000000016dc80000,0x000000016df2caa8,0x000000016f080000)
  to   space 20992K, 0% used [0x000000016c800000,0x000000016c800000,0x000000016dc80000)
 ParOldGen       total 87040K, used 30327K [0x0000000115300000, 0x000000011a800000, 0x000000016a800000)
  object space 87040K, 34% used [0x0000000115300000,0x000000011709dd00,0x000000011a800000)
 PSPermGen       total 21504K, used 10539K [0x0000000110100000, 0x0000000111600000, 0x0000000115300000)
  object space 21504K, 49% used [0x0000000110100000,0x0000000110b4afc8,0x0000000111600000)
GC Heap History (10 events):
Event: 1.560 GC heap before
{Heap before GC invocations=2 (full 0):
 PSYoungGen      total 38912K, used 38347K [0x000000016a800000, 0x000000016d300000, 0x0000000195300000)
  eden space 33792K, 98% used [0x000000016a800000,0x000000016c876720,0x000000016c900000)
  from space 5120K, 99% used [0x000000016c900000,0x000000016cdfc5c0,0x000000016ce00000)
  to   space 5120K, 0% used [0x000000016ce00000,0x000000016ce00000,0x000000016d300000)
 ParOldGen       total 87040K, used 11165K [0x0000000115300000, 0x000000011a800000, 0x000000016a800000)
  object space 87040K, 12% used [0x0000000115300000,0x0000000115de74d0,0x000000011a800000)
 PSPermGen       total 21504K, used 10337K [0x0000000110100000, 0x0000000111600000, 0x0000000115300000)
  object space 21504K, 48% used [0x0000000110100000,0x0000000110b187b8,0x0000000111600000)
Event: 1.569 GC heap after
Heap after GC invocations=2 (full 0):
 PSYoungGen      total 38912K, used 5105K [0x000000016a800000, 0x000000016f400000, 0x0000000195300000)
  eden space 33792K, 0% used [0x000000016a800000,0x000000016a800000,0x000000016c900000)
  from space 5120K, 99% used [0x000000016ce00000,0x000000016d2fc608,0x000000016d300000)
  to   space 5120K, 0% used [0x000000016c900000,0x000000016c900000,0x000000016ce00000)
 ParOldGen       total 87040K, used 20317K [0x0000000115300000, 0x000000011a800000, 0x000000016a800000)
  object space 87040K, 23% used [0x0000000115300000,0x00000001166d7528,0x000000011a800000)
 PSPermGen       total 21504K, used 10337K [0x0000000110100000, 0x0000000111600000, 0x0000000115300000)
  object space 21504K, 48% used [0x0000000110100000,0x0000000110b187b8,0x0000000111600000)
}
Event: 2.499 GC heap before
{Heap before GC invocations=3 (full 0):
 PSYoungGen      total 38912K, used 38897K [0x000000016a800000, 0x000000016f400000, 0x0000000195300000)
  eden space 33792K, 100% used [0x000000016a800000,0x000000016c900000,0x000000016c900000)
  from space 5120K, 99% used [0x000000016ce00000,0x000000016d2fc608,0x000000016d300000)
  to   space 5120K, 0% used [0x000000016c900000,0x000000016c900000,0x000000016ce00000)
 ParOldGen       total 87040K, used 20317K [0x0000000115300000, 0x000000011a800000, 0x000000016a800000)
  object space 87040K, 23% used [0x0000000115300000,0x00000001166d7528,0x000000011a800000)
 PSPermGen       total 21504K, used 10340K [0x0000000110100000, 0x0000000111600000, 0x0000000115300000)
  object space 21504K, 48% used [0x0000000110100000,0x0000000110b19020,0x0000000111600000)
Event: 2.503 GC heap after
Heap after GC invocations=3 (full 0):
 PSYoungGen      total 38912K, used 5091K [0x000000016a800000, 0x000000016f400000, 0x0000000195300000)
  eden space 33792K, 0% used [0x000000016a800000,0x000000016a800000,0x000000016c900000)
  from space 5120K, 99% used [0x000000016c900000,0x000000016cdf8fa8,0x000000016ce00000)
  to   space 5120K, 0% used [0x000000016ef00000,0x000000016ef00000,0x000000016f400000)
 ParOldGen       total 87040K, used 27902K [0x0000000115300000, 0x000000011a800000, 0x000000016a800000)
  object space 87040K, 32% used [0x0000000115300000,0x0000000116e3f810,0x000000011a800000)
 PSPermGen       total 21504K, used 10340K [0x0000000110100000, 0x0000000111600000, 0x0000000115300000)
  object space 21504K, 48% used [0x0000000110100000,0x0000000110b19020,0x0000000111600000)
}
Event: 71.892 GC heap before
{Heap before GC invocations=4 (full 0):
 PSYoungGen      total 38912K, used 38883K [0x000000016a800000, 0x000000016f400000, 0x0000000195300000)
  eden space 33792K, 100% used [0x000000016a800000,0x000000016c900000,0x000000016c900000)
  from space 5120K, 99% used [0x000000016c900000,0x000000016cdf8fa8,0x000000016ce00000)
  to   space 5120K, 0% used [0x000000016ef00000,0x000000016ef00000,0x000000016f400000)
 ParOldGen       total 87040K, used 27902K [0x0000000115300000, 0x000000011a800000, 0x000000016a800000)
  object space 87040K, 32% used [0x0000000115300000,0x0000000116e3f810,0x000000011a800000)
 PSPermGen       total 21504K, used 10479K [0x0000000110100000, 0x0000000111600000, 0x0000000115300000)
  object space 21504K, 48% used [0x0000000110100000,0x0000000110b3bc90,0x0000000111600000)
Event: 71.895 GC heap after
Heap after GC invocations=4 (full 0):
 PSYoungGen      total 38912K, used 5107K [0x000000016a800000, 0x000000016f400000, 0x0000000195300000)
  eden space 33792K, 0% used [0x000000016a800000,0x000000016a800000,0x000000016c900000)
  from space 5120K, 99% used [0x000000016ef00000,0x000000016f3fcf98,0x000000016f400000)
  to   space 5120K, 0% used [0x000000016c900000,0x000000016c900000,0x000000016ce00000)
 ParOldGen       total 87040K, used 30319K [0x0000000115300000, 0x000000011a800000, 0x000000016a800000)
  object space 87040K, 34% used [0x0000000115300000,0x000000011709bd00,0x000000011a800000)
 PSPermGen       total 21504K, used 10479K [0x0000000110100000, 0x0000000111600000, 0x0000000115300000)
  object space 21504K, 48% used [0x0000000110100000,0x0000000110b3bc90,0x0000000111600000)
}
Event: 157.178 GC heap before
{Heap before GC invocations=5 (full 0):
 PSYoungGen      total 38912K, used 38899K [0x000000016a800000, 0x000000016f400000, 0x0000000195300000)
  eden space 33792K, 100% used [0x000000016a800000,0x000000016c900000,0x000000016c900000)
  from space 5120K, 99% used [0x000000016ef00000,0x000000016f3fcf98,0x000000016f400000)
  to   space 5120K, 0% used [0x000000016c900000,0x000000016c900000,0x000000016ce00000)
 ParOldGen       total 87040K, used 30319K [0x0000000115300000, 0x000000011a800000, 0x000000016a800000)
  object space 87040K, 34% used [0x0000000115300000,0x000000011709bd00,0x000000011a800000)
 PSPermGen       total 21504K, used 10492K [0x0000000110100000, 0x0000000111600000, 0x0000000115300000)
  object space 21504K, 48% used [0x0000000110100000,0x0000000110b3f3e0,0x0000000111600000)
Event: 157.181 GC heap after
Heap after GC invocations=5 (full 0):
 PSYoungGen      total 38400K, used 2738K [0x000000016a800000, 0x000000016f080000, 0x0000000195300000)
  eden space 33280K, 0% used [0x000000016a800000,0x000000016a800000,0x000000016c880000)
  from space 5120K, 53% used [0x000000016c900000,0x000000016cbacaa8,0x000000016ce00000)
  to   space 20480K, 0% used [0x000000016dc80000,0x000000016dc80000,0x000000016f080000)
 ParOldGen       total 87040K, used 30327K [0x0000000115300000, 0x000000011a800000, 0x000000016a800000)
  object space 87040K, 34% used [0x0000000115300000,0x000000011709dd00,0x000000011a800000)
 PSPermGen       total 21504K, used 10492K [0x0000000110100000, 0x0000000111600000, 0x0000000115300000)
  object space 21504K, 48% used [0x0000000110100000,0x0000000110b3f3e0,0x0000000111600000)
}
Event: 244.103 GC heap before
{Heap before GC invocations=6 (full 0):
 PSYoungGen      total 38400K, used 36018K [0x000000016a800000, 0x000000016f080000, 0x0000000195300000)
  eden space 33280K, 100% used [0x000000016a800000,0x000000016c880000,0x000000016c880000)
  from space 5120K, 53% used [0x000000016c900000,0x000000016cbacaa8,0x000000016ce00000)
  to   space 20480K, 0% used [0x000000016dc80000,0x000000016dc80000,0x000000016f080000)
 ParOldGen       total 87040K, used 30327K [0x0000000115300000, 0x000000011a800000, 0x000000016a800000)
  object space 87040K, 34% used [0x0000000115300000,0x000000011709dd00,0x000000011a800000)
 PSPermGen       total 21504K, used 10492K [0x0000000110100000, 0x0000000111600000, 0x0000000115300000)
  object space 21504K, 48% used [0x0000000110100000,0x0000000110b3f3e0,0x0000000111600000)
Event: 244.105 GC heap after
Heap after GC invocations=6 (full 0):
 PSYoungGen      total 53248K, used 2738K [0x000000016a800000, 0x000000016f100000, 0x0000000195300000)
  eden space 32768K, 0% used [0x000000016a800000,0x000000016a800000,0x000000016c800000)
  from space 20480K, 13% used [0x000000016dc80000,0x000000016df2caa8,0x000000016f080000)
  to   space 20992K, 0% used [0x000000016c800000,0x000000016c800000,0x000000016dc80000)
 ParOldGen       total 87040K, used 30327K [0x0000000115300000, 0x000000011a800000, 0x000000016a800000)
  object space 87040K, 34% used [0x0000000115300000,0x000000011709dd00,0x000000011a800000)
 PSPermGen       total 21504K, used 10492K [0x0000000110100000, 0x0000000111600000, 0x0000000115300000)
  object space 21504K, 48% used [0x0000000110100000,0x0000000110b3f3e0,0x0000000111600000)
}

