# JRE version: Java(TM) SE Runtime Environment (7.0_60-b19) (build 1.7.0_60-b19)
# Java VM: Java HotSpot(TM) 64-Bit Server VM (24.60-b09 mixed mode bsd-amd64 compressed oops)
Heap
 PSYoungGen      total 70656K, used 32453K [0x000000016ab00000, 0x0000000173700000, 0x0000000195600000)
  eden space 67584K, 43% used [0x000000016ab00000,0x000000016c7fd9a8,0x000000016ed00000)
  from space 3072K, 90% used [0x0000000173400000,0x00000001736b3b40,0x0000000173700000)
  to   space 5120K, 0% used [0x0000000172d00000,0x0000000172d00000,0x0000000173200000)
 ParOldGen       total 87040K, used 32155K [0x0000000115600000, 0x000000011ab00000, 0x000000016ab00000)
  object space 87040K, 36% used [0x0000000115600000,0x0000000117566e00,0x000000011ab00000)
 PSPermGen       total 21504K, used 10538K [0x0000000110400000, 0x0000000111900000, 0x0000000115600000)
  object space 21504K, 49% used [0x0000000110400000,0x0000000110e4a940,0x0000000111900000)
GC Heap History (8 events):
Event: 0.613 GC heap before
{Heap before GC invocations=1 (full 0):
 PSYoungGen      total 38912K, used 33605K [0x000000016ab00000, 0x000000016d600000, 0x0000000195600000)
  eden space 33792K, 99% used [0x000000016ab00000,0x000000016cbd1528,0x000000016cc00000)
  from space 5120K, 0% used [0x000000016d100000,0x000000016d100000,0x000000016d600000)
  to   space 5120K, 0% used [0x000000016cc00000,0x000000016cc00000,0x000000016d100000)
 ParOldGen       total 87040K, used 0K [0x0000000115600000, 0x000000011ab00000, 0x000000016ab00000)
  object space 87040K, 0% used [0x0000000115600000,0x0000000115600000,0x000000011ab00000)
 PSPermGen       total 21504K, used 9046K [0x0000000110400000, 0x0000000111900000, 0x0000000115600000)
  object space 21504K, 42% used [0x0000000110400000,0x0000000110cd5aa0,0x0000000111900000)
Event: 0.620 GC heap after
Heap after GC invocations=1 (full 0):
 PSYoungGen      total 38912K, used 5106K [0x000000016ab00000, 0x000000016f700000, 0x0000000195600000)
  eden space 33792K, 0% used [0x000000016ab00000,0x000000016ab00000,0x000000016cc00000)
  from space 5120K, 99% used [0x000000016cc00000,0x000000016d0fc888,0x000000016d100000)
  to   space 5120K, 0% used [0x000000016f200000,0x000000016f200000,0x000000016f700000)
 ParOldGen       total 87040K, used 9970K [0x0000000115600000, 0x000000011ab00000, 0x000000016ab00000)
  object space 87040K, 11% used [0x0000000115600000,0x0000000115fbcac8,0x000000011ab00000)
 PSPermGen       total 21504K, used 9046K [0x0000000110400000, 0x0000000111900000, 0x0000000115600000)
  object space 21504K, 42% used [0x0000000110400000,0x0000000110cd5aa0,0x0000000111900000)
}
Event: 1.015 GC heap before
{Heap before GC invocations=2 (full 0):
 PSYoungGen      total 38912K, used 38782K [0x000000016ab00000, 0x000000016f700000, 0x0000000195600000)
  eden space 33792K, 99% used [0x000000016ab00000,0x000000016cbe31b8,0x000000016cc00000)
  from space 5120K, 99% used [0x000000016cc00000,0x000000016d0fc888,0x000000016d100000)
  to   space 5120K, 0% used [0x000000016f200000,0x000000016f200000,0x000000016f700000)
 ParOldGen       total 87040K, used 9970K [0x0000000115600000, 0x000000011ab00000, 0x000000016ab00000)
  object space 87040K, 11% used [0x0000000115600000,0x0000000115fbcac8,0x000000011ab00000)
 PSPermGen       total 21504K, used 10333K [0x0000000110400000, 0x0000000111900000, 0x0000000115600000)
  object space 21504K, 48% used [0x0000000110400000,0x0000000110e17578,0x0000000111900000)
Event: 1.024 GC heap after
Heap after GC invocations=2 (full 0):
 PSYoungGen      total 72704K, used 5098K [0x000000016ab00000, 0x000000016f700000, 0x0000000195600000)
  eden space 67584K, 0% used [0x000000016ab00000,0x000000016ab00000,0x000000016ed00000)
  from space 5120K, 99% used [0x000000016f200000,0x000000016f6fa808,0x000000016f700000)
  to   space 5120K, 0% used [0x000000016ed00000,0x000000016ed00000,0x000000016f200000)
 ParOldGen       total 87040K, used 20461K [0x0000000115600000, 0x000000011ab00000, 0x000000016ab00000)
  object space 87040K, 23% used [0x0000000115600000,0x00000001169fb528,0x000000011ab00000)
 PSPermGen       total 21504K, used 10333K [0x0000000110400000, 0x0000000111900000, 0x0000000115600000)
  object space 21504K, 48% used [0x0000000110400000,0x0000000110e17578,0x0000000111900000)
}
Event: 68.883 GC heap before
{Heap before GC invocations=3 (full 0):
 PSYoungGen      total 72704K, used 72682K [0x000000016ab00000, 0x000000016f700000, 0x0000000195600000)
  eden space 67584K, 100% used [0x000000016ab00000,0x000000016ed00000,0x000000016ed00000)
  from space 5120K, 99% used [0x000000016f200000,0x000000016f6fa808,0x000000016f700000)
  to   space 5120K, 0% used [0x000000016ed00000,0x000000016ed00000,0x000000016f200000)
 ParOldGen       total 87040K, used 20461K [0x0000000115600000, 0x000000011ab00000, 0x000000016ab00000)
  object space 87040K, 23% used [0x0000000115600000,0x00000001169fb528,0x000000011ab00000)
 PSPermGen       total 21504K, used 10475K [0x0000000110400000, 0x0000000111900000, 0x0000000115600000)
  object space 21504K, 48% used [0x0000000110400000,0x0000000110e3ac88,0x0000000111900000)
Event: 68.889 GC heap after
Heap after GC invocations=3 (full 0):
 PSYoungGen      total 72704K, used 5104K [0x000000016ab00000, 0x0000000173900000, 0x0000000195600000)
  eden space 67584K, 0% used [0x000000016ab00000,0x000000016ab00000,0x000000016ed00000)
  from space 5120K, 99% used [0x000000016ed00000,0x000000016f1fc030,0x000000016f200000)
  to   space 5120K, 0% used [0x0000000173400000,0x0000000173400000,0x0000000173900000)
 ParOldGen       total 87040K, used 32155K [0x0000000115600000, 0x000000011ab00000, 0x000000016ab00000)
  object space 87040K, 36% used [0x0000000115600000,0x0000000117566e00,0x000000011ab00000)
 PSPermGen       total 21504K, used 10475K [0x0000000110400000, 0x0000000111900000, 0x0000000115600000)
  object space 21504K, 48% used [0x0000000110400000,0x0000000110e3ac88,0x0000000111900000)
}
Event: 242.570 GC heap before
{Heap before GC invocations=4 (full 0):
 PSYoungGen      total 72704K, used 72688K [0x000000016ab00000, 0x0000000173900000, 0x0000000195600000)
  eden space 67584K, 100% used [0x000000016ab00000,0x000000016ed00000,0x000000016ed00000)
  from space 5120K, 99% used [0x000000016ed00000,0x000000016f1fc030,0x000000016f200000)
  to   space 5120K, 0% used [0x0000000173400000,0x0000000173400000,0x0000000173900000)
 ParOldGen       total 87040K, used 32155K [0x0000000115600000, 0x000000011ab00000, 0x000000016ab00000)
  object space 87040K, 36% used [0x0000000115600000,0x0000000117566e00,0x000000011ab00000)
 PSPermGen       total 21504K, used 10491K [0x0000000110400000, 0x0000000111900000, 0x0000000115600000)
  object space 21504K, 48% used [0x0000000110400000,0x0000000110e3ed58,0x0000000111900000)
Event: 242.573 GC heap after
Heap after GC invocations=4 (full 0):
 PSYoungGen      total 70656K, used 2766K [0x000000016ab00000, 0x0000000173700000, 0x0000000195600000)
  eden space 67584K, 0% used [0x000000016ab00000,0x000000016ab00000,0x000000016ed00000)
  from space 3072K, 90% used [0x0000000173400000,0x00000001736b3b40,0x0000000173700000)
  to   space 5120K, 0% used [0x0000000172d00000,0x0000000172d00000,0x0000000173200000)
 ParOldGen       total 87040K, used 32155K [0x0000000115600000, 0x000000011ab00000, 0x000000016ab00000)
  object space 87040K, 36% used [0x0000000115600000,0x0000000117566e00,0x000000011ab00000)
 PSPermGen       total 21504K, used 10491K [0x0000000110400000, 0x0000000111900000, 0x0000000115600000)
  object space 21504K, 48% used [0x0000000110400000,0x0000000110e3ed58,0x0000000111900000)
}

