# JRE version: Java(TM) SE Runtime Environment (7.0_60-b19) (build 1.7.0_60-b19)
# Java VM: Java HotSpot(TM) 64-Bit Server VM (24.60-b09 mixed mode bsd-amd64 compressed oops)
Heap
 PSYoungGen      total 291328K, used 70233K [0x0000000162f00000, 0x0000000176880000, 0x000000018da00000)
  eden space 264704K, 26% used [0x0000000162f00000,0x000000016737e5d8,0x0000000173180000)
  from space 26624K, 0% used [0x0000000174e80000,0x0000000174e98000,0x0000000176880000)
  to   space 28160K, 0% used [0x0000000173180000,0x0000000173180000,0x0000000174d00000)
 ParOldGen       total 91648K, used 34357K [0x000000010da00000, 0x0000000113380000, 0x0000000162f00000)
  object space 91648K, 37% used [0x000000010da00000,0x000000010fb8d538,0x0000000113380000)
 PSPermGen       total 21504K, used 10442K [0x0000000108800000, 0x0000000109d00000, 0x000000010da00000)
  object space 21504K, 48% used [0x0000000108800000,0x0000000109232bf0,0x0000000109d00000)
GC Heap History (10 events):
Event: 65.903 GC heap before
{Heap before GC invocations=5 (full 0):
 PSYoungGen      total 72704K, used 72673K [0x0000000162f00000, 0x0000000167b00000, 0x000000018da00000)
  eden space 67584K, 100% used [0x0000000162f00000,0x0000000167100000,0x0000000167100000)
  from space 5120K, 99% used [0x0000000167600000,0x0000000167af85a0,0x0000000167b00000)
  to   space 5120K, 0% used [0x0000000167100000,0x0000000167100000,0x0000000167600000)
 ParOldGen       total 87040K, used 54810K [0x000000010da00000, 0x0000000112f00000, 0x0000000162f00000)
  object space 87040K, 62% used [0x000000010da00000,0x0000000110f86a68,0x0000000112f00000)
 PSPermGen       total 21504K, used 10529K [0x0000000108800000, 0x0000000109d00000, 0x000000010da00000)
  object space 21504K, 48% used [0x0000000108800000,0x0000000109248568,0x0000000109d00000)
Event: 65.910 GC heap after
Heap after GC invocations=5 (full 0):
 PSYoungGen      total 72704K, used 3780K [0x0000000162f00000, 0x000000016eb00000, 0x000000018da00000)
  eden space 67584K, 0% used [0x0000000162f00000,0x0000000162f00000,0x0000000167100000)
  from space 5120K, 73% used [0x0000000167100000,0x00000001674b1010,0x0000000167600000)
  to   space 28672K, 0% used [0x000000016cf00000,0x000000016cf00000,0x000000016eb00000)
 ParOldGen       total 87040K, used 73322K [0x000000010da00000, 0x0000000112f00000, 0x0000000162f00000)
  object space 87040K, 84% used [0x000000010da00000,0x000000011219a818,0x0000000112f00000)
 PSPermGen       total 21504K, used 10529K [0x0000000108800000, 0x0000000109d00000, 0x000000010da00000)
  object space 21504K, 48% used [0x0000000108800000,0x0000000109248568,0x0000000109d00000)
}
Event: 65.910 GC heap before
{Heap before GC invocations=6 (full 1):
 PSYoungGen      total 72704K, used 3780K [0x0000000162f00000, 0x000000016eb00000, 0x000000018da00000)
  eden space 67584K, 0% used [0x0000000162f00000,0x0000000162f00000,0x0000000167100000)
  from space 5120K, 73% used [0x0000000167100000,0x00000001674b1010,0x0000000167600000)
  to   space 28672K, 0% used [0x000000016cf00000,0x000000016cf00000,0x000000016eb00000)
 ParOldGen       total 87040K, used 73322K [0x000000010da00000, 0x0000000112f00000, 0x0000000162f00000)
  object space 87040K, 84% used [0x000000010da00000,0x000000011219a818,0x0000000112f00000)
 PSPermGen       total 21504K, used 10529K [0x0000000108800000, 0x0000000109d00000, 0x000000010da00000)
  object space 21504K, 48% used [0x0000000108800000,0x0000000109248568,0x0000000109d00000)
Event: 65.932 GC heap after
Heap after GC invocations=6 (full 1):
 PSYoungGen      total 72704K, used 0K [0x0000000162f00000, 0x000000016eb00000, 0x000000018da00000)
  eden space 67584K, 0% used [0x0000000162f00000,0x0000000162f00000,0x0000000167100000)
  from space 5120K, 0% used [0x0000000167100000,0x0000000167100000,0x0000000167600000)
  to   space 28672K, 0% used [0x000000016cf00000,0x000000016cf00000,0x000000016eb00000)
 ParOldGen       total 91648K, used 34357K [0x000000010da00000, 0x0000000113380000, 0x0000000162f00000)
  object space 91648K, 37% used [0x000000010da00000,0x000000010fb8d538,0x0000000113380000)
 PSPermGen       total 21504K, used 10425K [0x0000000108800000, 0x0000000109d00000, 0x000000010da00000)
  object space 21504K, 48% used [0x0000000108800000,0x000000010922e668,0x0000000109d00000)
}
Event: 164.810 GC heap before
{Heap before GC invocations=7 (full 1):
 PSYoungGen      total 72704K, used 67584K [0x0000000162f00000, 0x000000016eb00000, 0x000000018da00000)
  eden space 67584K, 100% used [0x0000000162f00000,0x0000000167100000,0x0000000167100000)
  from space 5120K, 0% used [0x0000000167100000,0x0000000167100000,0x0000000167600000)
  to   space 28672K, 0% used [0x000000016cf00000,0x000000016cf00000,0x000000016eb00000)
 ParOldGen       total 91648K, used 34357K [0x000000010da00000, 0x0000000113380000, 0x0000000162f00000)
  object space 91648K, 37% used [0x000000010da00000,0x000000010fb8d538,0x0000000113380000)
 PSPermGen       total 21504K, used 10440K [0x0000000108800000, 0x0000000109d00000, 0x000000010da00000)
  object space 21504K, 48% used [0x0000000108800000,0x00000001092320d0,0x0000000109d00000)
Event: 164.811 GC heap after
Heap after GC invocations=7 (full 1):
 PSYoungGen      total 162816K, used 160K [0x0000000162f00000, 0x000000016eb00000, 0x000000018da00000)
  eden space 134144K, 0% used [0x0000000162f00000,0x0000000162f00000,0x000000016b200000)
  from space 28672K, 0% used [0x000000016cf00000,0x000000016cf28000,0x000000016eb00000)
  to   space 29184K, 0% used [0x000000016b200000,0x000000016b200000,0x000000016ce80000)
 ParOldGen       total 91648K, used 34357K [0x000000010da00000, 0x0000000113380000, 0x0000000162f00000)
  object space 91648K, 37% used [0x000000010da00000,0x000000010fb8d538,0x0000000113380000)
 PSPermGen       total 21504K, used 10440K [0x0000000108800000, 0x0000000109d00000, 0x000000010da00000)
  object space 21504K, 48% used [0x0000000108800000,0x00000001092320d0,0x0000000109d00000)
}
Event: 375.466 GC heap before
{Heap before GC invocations=8 (full 1):
 PSYoungGen      total 162816K, used 134304K [0x0000000162f00000, 0x000000016eb00000, 0x000000018da00000)
  eden space 134144K, 100% used [0x0000000162f00000,0x000000016b200000,0x000000016b200000)
  from space 28672K, 0% used [0x000000016cf00000,0x000000016cf28000,0x000000016eb00000)
  to   space 29184K, 0% used [0x000000016b200000,0x000000016b200000,0x000000016ce80000)
 ParOldGen       total 91648K, used 34357K [0x000000010da00000, 0x0000000113380000, 0x0000000162f00000)
  object space 91648K, 37% used [0x000000010da00000,0x000000010fb8d538,0x0000000113380000)
 PSPermGen       total 21504K, used 10440K [0x0000000108800000, 0x0000000109d00000, 0x000000010da00000)
  object space 21504K, 48% used [0x0000000108800000,0x00000001092320d0,0x0000000109d00000)
Event: 375.467 GC heap after
Heap after GC invocations=8 (full 1):
 PSYoungGen      total 163328K, used 64K [0x0000000162f00000, 0x0000000176a80000, 0x000000018da00000)
  eden space 134144K, 0% used [0x0000000162f00000,0x0000000162f00000,0x000000016b200000)
  from space 29184K, 0% used [0x000000016b200000,0x000000016b210000,0x000000016ce80000)
  to   space 28672K, 0% used [0x0000000174e80000,0x0000000174e80000,0x0000000176a80000)
 ParOldGen       total 91648K, used 34357K [0x000000010da00000, 0x0000000113380000, 0x0000000162f00000)
  object space 91648K, 37% used [0x000000010da00000,0x000000010fb8d538,0x0000000113380000)
 PSPermGen       total 21504K, used 10440K [0x0000000108800000, 0x0000000109d00000, 0x000000010da00000)
  object space 21504K, 48% used [0x0000000108800000,0x00000001092320d0,0x0000000109d00000)
}
Event: 579.729 GC heap before
{Heap before GC invocations=9 (full 1):
 PSYoungGen      total 163328K, used 134208K [0x0000000162f00000, 0x0000000176a80000, 0x000000018da00000)
  eden space 134144K, 100% used [0x0000000162f00000,0x000000016b200000,0x000000016b200000)
  from space 29184K, 0% used [0x000000016b200000,0x000000016b210000,0x000000016ce80000)
  to   space 28672K, 0% used [0x0000000174e80000,0x0000000174e80000,0x0000000176a80000)
 ParOldGen       total 91648K, used 34357K [0x000000010da00000, 0x0000000113380000, 0x0000000162f00000)
  object space 91648K, 37% used [0x000000010da00000,0x000000010fb8d538,0x0000000113380000)
 PSPermGen       total 21504K, used 10440K [0x0000000108800000, 0x0000000109d00000, 0x000000010da00000)
  object space 21504K, 48% used [0x0000000108800000,0x00000001092320d0,0x0000000109d00000)
Event: 579.729 GC heap after
Heap after GC invocations=9 (full 1):
 PSYoungGen      total 291328K, used 96K [0x0000000162f00000, 0x0000000176880000, 0x000000018da00000)
  eden space 264704K, 0% used [0x0000000162f00000,0x0000000162f00000,0x0000000173180000)
  from space 26624K, 0% used [0x0000000174e80000,0x0000000174e98000,0x0000000176880000)
  to   space 28160K, 0% used [0x0000000173180000,0x0000000173180000,0x0000000174d00000)
 ParOldGen       total 91648K, used 34357K [0x000000010da00000, 0x0000000113380000, 0x0000000162f00000)
  object space 91648K, 37% used [0x000000010da00000,0x000000010fb8d538,0x0000000113380000)
 PSPermGen       total 21504K, used 10440K [0x0000000108800000, 0x0000000109d00000, 0x000000010da00000)
  object space 21504K, 48% used [0x0000000108800000,0x00000001092320d0,0x0000000109d00000)
}

